tack----selection--population_list len:  32
tack----selection--population_list len:  32
tack----selection--population_list len:  64
track---generation[1] best solution:
[[0, 0.21694752027221798, 28, 0]]
tack----selection--population_list len:  32
tack----selection--population_list len:  96
track---generation[2] best solution:
[[2, 0.22095322605302858, 22, 5.05825609386505], [1, 0.22063674063674066, 23, 3.818379120849888], [0, 0.21694752027221798, 28, 0]]
tack----selection--population_list len:  32
tack----selection--population_list len:  128
track---generation[3] best solution:
[[2, 0.21994474313022694, 19, 2.799900450005079], [0, 0.19840941811091062, 26, 0]]
tack----selection--population_list len:  32
tack----selection--population_list len:  160
track---generation[4] best solution:
[[2, 0.21994474313022694, 19, 2.799900450005079], [0, 0.19840941811091062, 26, 0]]
tack----selection--population_list len:  32
tack----selection--population_list len:  192
track---generation[5] best solution:
[[3, 0.22522172879194302, 16, 5.560165060506968], [2, 0.21994474313022694, 19, 2.799900450005079], [0, 0.19840941811091062, 26, 0]]
tack----selection--population_list len:  32
tack----selection--population_list len:  224
track---generation[6] best solution:
[[3, 0.22522172879194302, 16, 5.560165060506968], [4, 0.24247945760579404, 13, 5.52353656795858], [2, 0.21994474313022694, 19, 2.799900450005079], [0, 0.19840941811091062, 26, 0]]
tack----selection--population_list len:  32
tack----selection--population_list len:  256
track---generation[7] best solution:
[[3, 0.22522172879194302, 16, 5.560165060506968], [4, 0.24247945760579404, 13, 5.52353656795858], [2, 0.21994474313022694, 19, 2.799900450005079], [0, 0.19840941811091062, 26, 0]]
tack----selection--population_list len:  32
tack----selection--population_list len:  288
track---generation[8] best solution:
[[4, 0.2272982957410683, 15, 6.488370161024938], [3, 0.22522172879194302, 16, 5.560165060506968], [5, 0.24247945760579404, 13, 5.52353656795858], [2, 0.21994474313022694, 19, 2.799900450005079], [6, 0.2612068248023304, 12, 1.9504984257758182], [0, 0.19840941811091062, 26, 0]]
tack----selection--population_list len:  32
tack----selection--population_list len:  320
track---generation[9] best solution:
[[4, 0.2272982957410683, 15, 6.488370161024938], [3, 0.22522172879194302, 16, 5.560165060506968], [5, 0.24247945760579404, 13, 5.52353656795858], [2, 0.21990346716648024, 18, 4.066173024208085], [6, 0.2612068248023304, 12, 1.9504984257758182], [0, 0.19840941811091062, 26, 0]]
tack----selection--population_list len:  32
tack----selection--population_list len:  352
track---generation[10] best solution:
[[4, 0.2272982957410683, 15, 6.488370161024938], [3, 0.22522172879194302, 16, 5.560165060506968], [5, 0.24247945760579404, 13, 5.52353656795858], [2, 0.21990346716648024, 18, 4.066173024208085], [6, 0.2612068248023304, 12, 1.9504984257758182], [0, 0.19840941811091062, 26, 0]]
tack----selection--population_list len:  32
tack----selection--population_list len:  384
track---generation[11] best solution:
[[1, 0.20265489560736283, 17, 9.384075598875953], [3, 0.2272982957410683, 15, 6.488370161024938], [2, 0.22522172879194302, 16, 5.560165060506968], [4, 0.24247945760579404, 13, 5.52353656795858], [5, 0.2612068248023304, 12, 1.9504984257758182], [0, 0.19840941811091062, 26, 0]]
tack----selection--population_list len:  32
tack----selection--population_list len:  416
track---generation[12] best solution:
[[1, 0.20265489560736283, 17, 9.384075598875953], [3, 0.2272982957410683, 15, 6.488370161024938], [2, 0.2224531725960438, 16, 6.224035841969306], [4, 0.24247945760579404, 13, 5.52353656795858], [5, 0.2612068248023304, 12, 1.9504984257758182], [0, 0.19840941811091062, 26, 0]]
tack----selection--population_list len:  32
tack----selection--population_list len:  448
track---generation[13] best solution:
[[1, 0.20265489560736283, 17, 9.384075598875953], [3, 0.2272982957410683, 15, 6.488370161024938], [2, 0.2224531725960438, 16, 6.224035841969306], [4, 0.24247945760579404, 13, 5.52353656795858], [5, 0.2612068248023304, 12, 1.9504984257758182], [0, 0.19840941811091062, 26, 0]]
tack----selection--population_list len:  32
tack----selection--population_list len:  480
track---generation[14] best solution:
[[1, 0.20265489560736283, 17, 9.384075598875953], [3, 0.2272982957410683, 15, 6.488370161024938], [2, 0.2224531725960438, 16, 6.224035841969306], [4, 0.24247945760579404, 13, 5.52353656795858], [5, 0.2612068248023304, 12, 1.9504984257758182], [0, 0.19840941811091062, 26, 0]]
tack----selection--population_list len:  32
tack----selection--population_list len:  512
track---generation[15] best solution:
[[1, 0.20265489560736283, 17, 9.384075598875953], [5, 0.24637859846733523, 11, 7.494534569667466], [3, 0.22376499474598666, 15, 7.366362474863032], [2, 0.2224531725960438, 16, 6.224035841969306], [4, 0.24247945760579404, 13, 5.52353656795858], [0, 0.19840941811091062, 26, 0]]
tack----selection--population_list len:  32
tack----selection--population_list len:  544
track---generation[16] best solution:
[[5, 0.2444211800176309, 10, 9.629592970683987], [1, 0.20265489560736283, 17, 9.384075598875953], [3, 0.22376499474598666, 15, 7.366362474863032], [2, 0.2224531725960438, 16, 6.224035841969306], [4, 0.24247945760579404, 13, 5.52353656795858], [6, 0.2793476073622839, 9, 1.1740143073749696], [0, 0.19840941811091062, 26, 0]]
tack----selection--population_list len:  32
tack----selection--population_list len:  576
track---generation[17] best solution:
[[5, 0.2444211800176309, 10, 9.629592970683987], [1, 0.20265489560736283, 17, 9.384075598875953], [4, 0.2349973595802295, 12, 9.048153182324985], [3, 0.22376499474598666, 15, 7.366362474863032], [2, 0.2224531725960438, 16, 6.224035841969306], [6, 0.2793476073622839, 9, 1.1740143073749696], [0, 0.19840941811091062, 26, 0]]
tack----selection--population_list len:  32
tack----selection--population_list len:  608
track---generation[18] best solution:
[[5, 0.2444211800176309, 10, 9.629592970683987], [1, 0.20265489560736283, 17, 9.384075598875953], [4, 0.2349973595802295, 12, 9.048153182324985], [3, 0.22376499474598666, 15, 7.366362474863032], [2, 0.2224531725960438, 16, 6.224035841969306], [6, 0.2793476073622839, 9, 1.1740143073749696], [0, 0.19840941811091062, 26, 0]]
tack----selection--population_list len:  32
tack----selection--population_list len:  640
track---generation[19] best solution:
[[2, 0.20325837081459275, 16, 10.826748287373627], [5, 0.2444211800176309, 10, 9.629592970683987], [1, 0.20265489560736283, 17, 9.384075598875953], [4, 0.2349973595802295, 12, 9.048153182324985], [3, 0.22376499474598666, 15, 7.366362474863032], [6, 0.2793476073622839, 9, 1.1740143073749696], [0, 0.19840941811091062, 26, 0]]
tack----selection--population_list len:  32
tack----selection--population_list len:  672
track---generation[20] best solution:
[[2, 0.20325837081459275, 16, 10.826748287373627], [5, 0.2444211800176309, 10, 9.629592970683987], [1, 0.20265489560736283, 17, 9.384075598875953], [4, 0.2349973595802295, 12, 9.048153182324985], [3, 0.22376499474598666, 15, 7.366362474863032], [6, 0.2793476073622839, 9, 1.1740143073749696], [0, 0.19840941811091062, 26, 0]]
tack----selection--population_list len:  32
tack----selection--population_list len:  704
track---generation[21] best solution:
[[2, 0.20325837081459275, 16, 10.826748287373627], [5, 0.2444211800176309, 10, 9.629592970683987], [1, 0.20265489560736283, 17, 9.384075598875953], [4, 0.2349973595802295, 12, 9.048153182324985], [3, 0.22376499474598666, 15, 7.366362474863032], [6, 0.2793476073622839, 9, 1.1740143073749696], [0, 0.19840941811091062, 26, 0]]
tack----selection--population_list len:  32
tack----selection--population_list len:  736
track---generation[22] best solution:
[[2, 0.20325837081459275, 16, 10.826748287373627], [6, 0.2444211800176309, 10, 9.629592970683987], [1, 0.20265489560736283, 17, 9.384075598875953], [5, 0.2349973595802295, 12, 9.048153182324985], [3, 0.22376499474598666, 15, 7.366362474863032], [4, 0.23145981264793158, 14, 6.912437321611], [7, 0.2793476073622839, 9, 1.1740143073749696], [0, 0.19840941811091062, 26, 0]]
tack----selection--population_list len:  32
tack----selection--population_list len:  768
track---generation[23] best solution:
[[2, 0.20325837081459275, 16, 10.826748287373627], [7, 0.2444211800176309, 10, 9.629592970683987], [1, 0.20265489560736283, 17, 9.384075598875953], [6, 0.2349973595802295, 12, 9.048153182324985], [5, 0.23197337051864508, 13, 8.296153181250245], [3, 0.22376499474598666, 15, 7.366362474863032], [4, 0.23145981264793158, 14, 6.912437321611], [8, 0.2793476073622839, 9, 1.1740143073749696], [0, 0.19840941811091062, 26, 0]]
tack----selection--population_list len:  32
tack----selection--population_list len:  800
track---generation[24] best solution:
[[2, 0.20325837081459275, 16, 10.826748287373627], [7, 0.2444211800176309, 10, 9.629592970683987], [1, 0.20265489560736283, 17, 9.384075598875953], [6, 0.2349973595802295, 12, 9.048153182324985], [4, 0.22491587539563562, 14, 8.590924086665513], [5, 0.23197337051864508, 13, 8.296153181250245], [3, 0.22376499474598666, 15, 7.366362474863032], [8, 0.2793476073622839, 9, 1.1740143073749696], [0, 0.19840941811091062, 26, 0]]
tack----selection--population_list len:  32
tack----selection--population_list len:  832
track---generation[25] best solution:
[[2, 0.20325837081459275, 16, 10.826748287373627], [7, 0.2444211800176309, 10, 9.629592970683987], [1, 0.20265489560736283, 17, 9.384075598875953], [6, 0.2349973595802295, 12, 9.048153182324985], [4, 0.22491587539563562, 14, 8.590924086665513], [5, 0.23197337051864508, 13, 8.296153181250245], [3, 0.22376499474598666, 15, 7.366362474863032], [8, 0.2793476073622839, 9, 1.1740143073749696], [0, 0.19840941811091062, 26, 0]]
tack----selection--population_list len:  32
tack----selection--population_list len:  864
track---generation[26] best solution:
[[2, 0.20325837081459275, 16, 10.826748287373627], [7, 0.2444211800176309, 10, 9.629592970683987], [1, 0.20265489560736283, 17, 9.384075598875953], [6, 0.2349973595802295, 12, 9.048153182324985], [4, 0.22491587539563562, 14, 8.590924086665513], [5, 0.23197337051864508, 13, 8.296153181250245], [3, 0.22376499474598666, 15, 7.366362474863032], [8, 0.2793476073622839, 9, 1.1740143073749696], [0, 0.19840941811091062, 26, 0]]
tack----selection--population_list len:  32
tack----selection--population_list len:  896
track---generation[27] best solution:
[[2, 0.20325837081459275, 16, 10.826748287373627], [7, 0.2444211800176309, 10, 9.629592970683987], [1, 0.20265489560736283, 17, 9.384075598875953], [6, 0.2349973595802295, 12, 9.048153182324985], [4, 0.22491587539563562, 14, 8.590924086665513], [5, 0.23197337051864508, 13, 8.296153181250245], [3, 0.22376499474598666, 15, 7.366362474863032], [8, 0.2793476073622839, 9, 1.1740143073749696], [0, 0.19840941811091062, 26, 0]]
tack----selection--population_list len:  32
tack----selection--population_list len:  928
track---generation[28] best solution:
[[2, 0.20325837081459275, 16, 10.826748287373627], [7, 0.2444211800176309, 10, 9.629592970683987], [1, 0.20265489560736283, 17, 9.384075598875953], [6, 0.2349973595802295, 12, 9.048153182324985], [4, 0.22491587539563562, 14, 8.590924086665513], [5, 0.23197337051864508, 13, 8.296153181250245], [3, 0.22376499474598666, 15, 7.366362474863032], [8, 0.2793476073622839, 9, 1.1740143073749696], [0, 0.19840941811091062, 26, 0]]
tack----selection--population_list len:  32
tack----selection--population_list len:  960
track---generation[29] best solution:
[[2, 0.20325837081459275, 16, 10.826748287373627], [7, 0.2444211800176309, 10, 9.629592970683987], [1, 0.20265489560736283, 17, 9.384075598875953], [6, 0.2349973595802295, 12, 9.048153182324985], [4, 0.22491587539563562, 14, 8.590924086665513], [5, 0.23197337051864508, 13, 8.296153181250245], [3, 0.22376499474598666, 15, 7.366362474863032], [8, 0.2793476073622839, 9, 1.1740143073749696], [0, 0.19840941811091062, 26, 0]]
tack----selection--population_list len:  32
tack----selection--population_list len:  992
track---generation[30] best solution:
[[2, 0.20325837081459275, 16, 10.826748287373627], [7, 0.2444211800176309, 10, 9.629592970683987], [1, 0.20265489560736283, 17, 9.384075598875953], [6, 0.2349973595802295, 12, 9.048153182324985], [4, 0.22491587539563562, 14, 8.590924086665513], [5, 0.23197337051864508, 13, 8.296153181250245], [3, 0.22376499474598666, 15, 7.366362474863032], [8, 0.2793476073622839, 9, 1.1740143073749696], [0, 0.19840941811091062, 26, 0]]
tack----selection--population_list len:  32
tack----selection--population_list len:  1024
track---generation[31] best solution:
[[2, 0.20325837081459275, 16, 10.826748287373627], [7, 0.2444211800176309, 10, 9.629592970683987], [1, 0.20265489560736283, 17, 9.384075598875953], [6, 0.2349973595802295, 12, 9.048153182324985], [4, 0.22491587539563562, 14, 8.590924086665513], [5, 0.23197337051864508, 13, 8.296153181250245], [3, 0.22376499474598666, 15, 7.366362474863032], [8, 0.2793476073622839, 9, 1.1740143073749696], [0, 0.19840941811091062, 26, 0]]
tack----selection--population_list len:  32
tack----selection--population_list len:  1056
track---generation[32] best solution:
[[3, 0.22060122678934568, 11, 14.641539570005161], [2, 0.20325837081459275, 16, 10.826748287373627], [4, 0.2444211800176309, 10, 9.629592970683987], [1, 0.20265489560736283, 17, 9.384075598875953], [5, 0.2793476073622839, 9, 1.1740143073749696], [0, 0.19840941811091062, 26, 0]]
tack----selection--population_list len:  32
tack----selection--population_list len:  1088
track---generation[33] best solution:
[[3, 0.22060122678934568, 11, 14.641539570005161], [2, 0.20325837081459275, 16, 10.826748287373627], [4, 0.2444211800176309, 10, 9.629592970683987], [1, 0.20265489560736283, 17, 9.384075598875953], [5, 0.2793476073622839, 9, 1.1740143073749696], [0, 0.19840941811091062, 26, 0]]
tack----selection--population_list len:  32
tack----selection--population_list len:  1120
track---generation[34] best solution:
[[3, 0.22060122678934568, 11, 14.641539570005161], [2, 0.20325837081459275, 16, 10.826748287373627], [4, 0.2444211800176309, 10, 9.629592970683987], [1, 0.20265489560736283, 17, 9.384075598875953], [5, 0.2793476073622839, 9, 1.1740143073749696], [0, 0.19840941811091062, 26, 0]]
tack----selection--population_list len:  32
tack----selection--population_list len:  1152
track---generation[35] best solution:
[[3, 0.22060122678934568, 11, 14.641539570005161], [2, 0.20325837081459275, 16, 10.826748287373627], [4, 0.2444211800176309, 10, 9.629592970683987], [1, 0.20265489560736283, 17, 9.384075598875953], [5, 0.2793476073622839, 9, 1.1740143073749696], [0, 0.19840941811091062, 26, 0]]
tack----selection--population_list len:  32
tack----selection--population_list len:  1184
track---generation[36] best solution:
[[3, 0.22060122678934568, 11, 14.641539570005161], [2, 0.20325837081459275, 16, 10.826748287373627], [4, 0.2444211800176309, 10, 9.629592970683987], [1, 0.20265489560736283, 17, 9.384075598875953], [5, 0.2793476073622839, 9, 1.1740143073749696], [0, 0.19840941811091062, 26, 0]]
tack----selection--population_list len:  32
tack----selection--population_list len:  1216
track---generation[37] best solution:
[[3, 0.22060122678934568, 11, 14.641539570005161], [2, 0.20325837081459275, 16, 10.826748287373627], [4, 0.2444211800176309, 10, 9.629592970683987], [1, 0.20265489560736283, 17, 9.384075598875953], [5, 0.2793476073622839, 9, 1.1740143073749696], [0, 0.19840941811091062, 26, 0]]
tack----selection--population_list len:  32
tack----selection--population_list len:  1248
track---generation[38] best solution:
[[3, 0.22060122678934568, 11, 14.641539570005161], [2, 0.20325837081459275, 16, 10.826748287373627], [4, 0.2444211800176309, 10, 9.629592970683987], [1, 0.20265489560736283, 17, 9.384075598875953], [5, 0.2793476073622839, 9, 1.1740143073749696], [0, 0.19840941811091062, 26, 0]]
tack----selection--population_list len:  32
tack----selection--population_list len:  1280
track---generation[39] best solution:
[[3, 0.22060122678934568, 11, 14.641539570005161], [2, 0.20325837081459275, 16, 10.826748287373627], [4, 0.2444211800176309, 10, 9.629592970683987], [1, 0.20265489560736283, 17, 9.384075598875953], [5, 0.2793476073622839, 9, 1.1740143073749696], [0, 0.19840941811091062, 26, 0]]
tack----selection--population_list len:  32
tack----selection--population_list len:  1312
track---generation[40] best solution:
[[3, 0.22060122678934568, 11, 14.641539570005161], [2, 0.20325837081459275, 16, 10.826748287373627], [4, 0.2444211800176309, 10, 9.629592970683987], [1, 0.20265489560736283, 17, 9.384075598875953], [5, 0.2793476073622839, 9, 1.1740143073749696], [0, 0.19840941811091062, 26, 0]]
tack----selection--population_list len:  32
tack----selection--population_list len:  1344
track---generation[41] best solution:
[[3, 0.22060122678934568, 11, 14.641539570005161], [2, 0.20325837081459275, 16, 10.826748287373627], [4, 0.2444211800176309, 10, 9.629592970683987], [1, 0.20265489560736283, 17, 9.384075598875953], [5, 0.2793476073622839, 9, 1.1740143073749696], [0, 0.19840941811091062, 26, 0]]
tack----selection--population_list len:  32
tack----selection--population_list len:  1376
track---generation[42] best solution:
[[3, 0.22060122678934568, 11, 14.641539570005161], [2, 0.20325837081459275, 16, 10.826748287373627], [4, 0.2444211800176309, 10, 9.629592970683987], [1, 0.20265489560736283, 17, 9.384075598875953], [5, 0.2793476073622839, 9, 1.1740143073749696], [0, 0.19840941811091062, 26, 0]]
tack----selection--population_list len:  32
tack----selection--population_list len:  1408
track---generation[43] best solution:
[[3, 0.22060122678934568, 11, 14.641539570005161], [2, 0.20325837081459275, 16, 10.826748287373627], [4, 0.2444211800176309, 10, 9.629592970683987], [1, 0.20265489560736283, 17, 9.384075598875953], [5, 0.2793476073622839, 9, 1.1740143073749696], [0, 0.19840941811091062, 26, 0]]
tack----selection--population_list len:  32
tack----selection--population_list len:  1440
track---generation[44] best solution:
[[3, 0.22060122678934568, 11, 14.641539570005161], [2, 0.20325837081459275, 16, 10.826748287373627], [4, 0.2444211800176309, 10, 9.629592970683987], [1, 0.20265489560736283, 17, 9.384075598875953], [5, 0.2793476073622839, 9, 1.1740143073749696], [0, 0.19840941811091062, 26, 0]]
tack----selection--population_list len:  32
tack----selection--population_list len:  1472
track---generation[45] best solution:
[[3, 0.22060122678934568, 11, 14.641539570005161], [2, 0.20325837081459275, 16, 10.826748287373627], [4, 0.2444211800176309, 10, 9.629592970683987], [1, 0.20265489560736283, 17, 9.384075598875953], [5, 0.2793476073622839, 9, 1.1740143073749696], [0, 0.19840941811091062, 26, 0]]
tack----selection--population_list len:  32
tack----selection--population_list len:  1504
track---generation[46] best solution:
[[3, 0.22060122678934568, 11, 14.641539570005161], [2, 0.20325837081459275, 16, 10.826748287373627], [4, 0.2444211800176309, 10, 9.629592970683987], [1, 0.20265489560736283, 17, 9.384075598875953], [5, 0.2793476073622839, 9, 1.1740143073749696], [0, 0.19840941811091062, 26, 0]]
tack----selection--population_list len:  32
tack----selection--population_list len:  1536
track---generation[47] best solution:
[[3, 0.22060122678934568, 11, 14.641539570005161], [2, 0.20325837081459275, 16, 10.826748287373627], [4, 0.2444211800176309, 10, 9.629592970683987], [1, 0.20265489560736283, 17, 9.384075598875953], [5, 0.2793476073622839, 9, 1.1740143073749696], [0, 0.19840941811091062, 26, 0]]
tack----selection--population_list len:  32
tack----selection--population_list len:  1568
track---generation[48] best solution:
[[3, 0.22060122678934568, 11, 14.641539570005161], [2, 0.20325837081459275, 16, 10.826748287373627], [4, 0.2444211800176309, 10, 9.629592970683987], [1, 0.20265489560736283, 17, 9.384075598875953], [5, 0.2793476073622839, 9, 1.1740143073749696], [0, 0.19840941811091062, 26, 0]]
tack----selection--population_list len:  32
tack----selection--population_list len:  1600
track---generation[49] best solution:
[[3, 0.22060122678934568, 11, 14.641539570005161], [2, 0.20325837081459275, 16, 10.826748287373627], [4, 0.2444211800176309, 10, 9.629592970683987], [1, 0.20265489560736283, 17, 9.384075598875953], [5, 0.2793476073622839, 9, 1.1740143073749696], [0, 0.19840941811091062, 26, 0]]
==================================
track --- sort_result :  [[0.19840941811091062, 26], [0.20265489560736283, 17], [0.20325837081459275, 16], [0.22060122678934568, 11], [0.2444211800176309, 10], [0.2793476073622839, 9], [0.31272673755087566, 7]]
track --- Sort RS :  [[0.20265489560736283, 17, -0.9775573195972541], [0.20325837081459275, 16, -1.1627280766182257], [0.22060122678934568, 11, -6.152875846793196], [0.2444211800176309, 10, -13.036113781765742], [0.2793476073622839, 9, -23.39414563474243], [0.31272673755087566, 7, -34.24640832724843]]
track--selected best model:  [0.19840941811091062, 26]
==================================
front_0_num:  7
==============⚠️ NOTICE! THIS IS THE BEST MODEL!==============
track ---best_model_selected:  [0.19840941811091062, 26]
track ========= 0 =========
track ---0-- columns[features[index]] len:  26
track ---0-- columns[features[index]] :  ['Gender' 'Macrovascular Complications' 'History of Hypertension'
 'Nephropathy' 'Retinopathy' 'Neuropathy' 'Age' 'Height' 'Weight' 'BMI'
 'SBP' 'DBP' 'Heart Rate' 'FBG' 'HbA1c' 'ALT' 'AST' 'UA' 'TC' 'TG' 'HDL-C'
 'LDL-C' 'Ca' 'P' 'FT4' 'β-CTX']
track ---0-- top_object:  [0.19840941811091062, 26]
track ========= 1 =========
track ---1-- columns[features[index]] len:  17
track ---1-- columns[features[index]] :  ['Gender' 'Macrovascular Complications' 'History of Hypertension'
 'Nephropathy' 'Neuropathy' 'History of Smoking' 'Age' 'Height' 'BMI'
 'SBP' 'ALT' 'AST' 'UA' 'TC' 'Ca' 'P' 'β-CTX']
track ---1-- top_object:  [0.20265489560736283, 17]
track ========= 2 =========
track ---2-- columns[features[index]] len:  10
track ---2-- columns[features[index]] :  ['Macrovascular Complications' 'Age' 'Height' 'SBP' 'DBP' 'HbA1c' 'GGT'
 'LDL-C' 'Ca' 'FT3']
track ---2-- top_object:  [0.2444211800176309, 10]
track ========= 3 =========
track ---3-- columns[features[index]] len:  9
track ---3-- columns[features[index]] :  ['Macrovascular Complications' 'History of Hypertension' 'Neuropathy' 'UA'
 'HDL-C' 'LDL-C' 'P' 'FT4' 'N-MID']
track ---3-- top_object:  [0.2793476073622839, 9]
track ========= 4 =========
track ---4-- columns[features[index]] len:  16
track ---4-- columns[features[index]] :  ['Gender' 'Macrovascular Complications' 'History of Hypertension'
 'Nephropathy' 'Neuropathy' 'History of Drinking' 'Age' 'Height'
 'Heart Rate' 'HbA1c' 'GGT' 'TG' 'LDL-C' 'Ca' 'FT4' 'β-CTX']
track ---4-- top_object:  [0.20325837081459275, 16]
track ========= 5 =========
track ---5-- columns[features[index]] len:  11
track ---5-- columns[features[index]] :  ['Gender' 'Macrovascular Complications' 'History of Hypertension'
 'Retinopathy' 'History of Smoking' 'Age' 'SBP' 'DBP' 'HbA1c' 'UA' 'VD3']
track ---5-- top_object:  [0.22060122678934568, 11]
track ========= 6 =========
track ---6-- columns[features[index]] len:  7
track ---6-- columns[features[index]] :  ['Age' 'Weight' 'SBP' 'ALP' 'LDL-C' 'PINP' 'β-CTX']
track ---6-- top_object:  [0.31272673755087566, 7]
================================END=============================
================================Model review=============================
track---y_test shape-----: (279, 3)
=============================
['Gender' 'Macrovascular Complications' 'History of Hypertension'
 'Nephropathy' 'Retinopathy' 'Neuropathy' 'Age' 'Height' 'Weight' 'BMI'
 'SBP' 'DBP' 'Heart Rate' 'FBG' 'HbA1c' 'ALT' 'AST' 'UA' 'TC' 'TG' 'HDL-C'
 'LDL-C' 'Ca' 'P' 'FT4' 'β-CTX']
track --- feature length :  26
track --- model :  <class 'sklearn.ensemble._forest.RandomForestClassifier'>
track --- calibration model :  <class 'sklearn.calibration.CalibratedClassifierCV'>
================================
track --- mean_acc :  0.7311827956989247
track --- acc :  0.7312  calibration :  0.8029
track ---1- mean_acc :  0.2688  calibration :  0.1971
track --- precision:  0.731  calibration :  0.8042
track --- recall:  0.732  calibration :  0.8031
track --- fscore:  0.7304  calibration :  0.8016
track --- 1- fscore:  0.2696  calibration :  0.1984
==============original================
track --- auroc: 
[[0, 0.8292454967712699], [1, 0.75149511213341], [2, 0.8161292241789625], ['micro', 0.7983870967741935]]
track --- conf_ma : 
[[74 14  9]
 [13 61 20]
 [ 6 13 69]]
track --- conf_ma_scaled : 
[[0.76 0.14 0.09]
 [0.14 0.65 0.21]
 [0.07 0.15 0.78]]
==============after calibration================
track --- auroc : 
[[0, 0.8701427438540841], [1, 0.8185451408855665], [2, 0.868098524512137], ['micro', 0.8521505376344086]]
track --- conf_ma : 
[[83  7  7]
 [14 67 13]
 [ 7  7 74]]
track --- conf_ma_scaled : 
[[0.86 0.07 0.07]
 [0.15 0.71 0.14]
 [0.08 0.08 0.84]]
======================================
